Determining if the pthread_create exist failed with the following output:
Change Dir: /home/mirko/nao/workspace/TextRecognition/build-pc/CMakeFiles/CMakeTmp

Run Build Command:/usr/bin/make "cmTryCompileExec2364334325/fast"
/usr/bin/make -f CMakeFiles/cmTryCompileExec2364334325.dir/build.make CMakeFiles/cmTryCompileExec2364334325.dir/build
make[1]: Entering directory `/home/mirko/nao/workspace/TextRecognition/build-pc/CMakeFiles/CMakeTmp'
/usr/bin/cmake -E cmake_progress_report /home/mirko/nao/workspace/TextRecognition/build-pc/CMakeFiles/CMakeTmp/CMakeFiles 1
Building C object CMakeFiles/cmTryCompileExec2364334325.dir/CheckSymbolExists.c.o
/usr/bin/cc    -o CMakeFiles/cmTryCompileExec2364334325.dir/CheckSymbolExists.c.o   -c /home/mirko/nao/workspace/TextRecognition/build-pc/CMakeFiles/CMakeTmp/CheckSymbolExists.c
Linking C executable cmTryCompileExec2364334325
/usr/bin/cmake -E cmake_link_script CMakeFiles/cmTryCompileExec2364334325.dir/link.txt --verbose=1
/usr/bin/cc       CMakeFiles/cmTryCompileExec2364334325.dir/CheckSymbolExists.c.o  -o cmTryCompileExec2364334325 -rdynamic 
CMakeFiles/cmTryCompileExec2364334325.dir/CheckSymbolExists.c.o: In function `main':
CheckSymbolExists.c:(.text+0x16): undefined reference to `pthread_create'
collect2: error: ld returned 1 exit status
make[1]: *** [cmTryCompileExec2364334325] Error 1
make[1]: Leaving directory `/home/mirko/nao/workspace/TextRecognition/build-pc/CMakeFiles/CMakeTmp'
make: *** [cmTryCompileExec2364334325/fast] Error 2

File /home/mirko/nao/workspace/TextRecognition/build-pc/CMakeFiles/CMakeTmp/CheckSymbolExists.c:
/* */
#include <pthread.h>

int main(int argc, char** argv)
{
  (void)argv;
#ifndef pthread_create
  return ((int*)(&pthread_create))[argc];
#else
  (void)argc;
  return 0;
#endif
}

Determining if the function pthread_create exists in the pthreads failed with the following output:
Change Dir: /home/mirko/nao/workspace/TextRecognition/build-pc/CMakeFiles/CMakeTmp

Run Build Command:/usr/bin/make "cmTryCompileExec699941689/fast"
/usr/bin/make -f CMakeFiles/cmTryCompileExec699941689.dir/build.make CMakeFiles/cmTryCompileExec699941689.dir/build
make[1]: Entering directory `/home/mirko/nao/workspace/TextRecognition/build-pc/CMakeFiles/CMakeTmp'
/usr/bin/cmake -E cmake_progress_report /home/mirko/nao/workspace/TextRecognition/build-pc/CMakeFiles/CMakeTmp/CMakeFiles 1
Building C object CMakeFiles/cmTryCompileExec699941689.dir/CheckFunctionExists.c.o
/usr/bin/cc   -DCHECK_FUNCTION_EXISTS=pthread_create   -o CMakeFiles/cmTryCompileExec699941689.dir/CheckFunctionExists.c.o   -c /usr/share/cmake-2.8/Modules/CheckFunctionExists.c
Linking C executable cmTryCompileExec699941689
/usr/bin/cmake -E cmake_link_script CMakeFiles/cmTryCompileExec699941689.dir/link.txt --verbose=1
/usr/bin/cc   -DCHECK_FUNCTION_EXISTS=pthread_create    CMakeFiles/cmTryCompileExec699941689.dir/CheckFunctionExists.c.o  -o cmTryCompileExec699941689 -rdynamic -lpthreads 
/usr/bin/ld: cannot find -lpthreads
collect2: error: ld returned 1 exit status
make[1]: *** [cmTryCompileExec699941689] Error 1
make[1]: Leaving directory `/home/mirko/nao/workspace/TextRecognition/build-pc/CMakeFiles/CMakeTmp'
make: *** [cmTryCompileExec699941689/fast] Error 2


